2024-04-05T17:30:39.436+05:30  INFO 21404 --- [restartedMain] SpringbootThymeleafCrudWebAppApplication : Starting SpringbootThymeleafCrudWebAppApplication using Java 17.0.10 with PID 21404 (C:\Users\Assetmine\Downloads\springboot-thymeleaf-crud-pagination-sorting-webapp-master\target\classes started by Assetmine in C:\Users\Assetmine\Downloads\springboot-thymeleaf-crud-pagination-sorting-webapp-master)
2024-04-05T17:30:39.438+05:30  INFO 21404 --- [restartedMain] SpringbootThymeleafCrudWebAppApplication : No active profile set, falling back to 1 default profile: "default"
2024-04-05T17:30:39.509+05:30  INFO 21404 --- [restartedMain] .e.DevToolsPropertyDefaultsPostProcessor : Devtools property defaults active! Set 'spring.devtools.add-properties' to 'false' to disable
2024-04-05T17:30:39.512+05:30  INFO 21404 --- [restartedMain] .e.DevToolsPropertyDefaultsPostProcessor : For additional web related logging consider setting the 'logging.level.web' property to 'DEBUG'
2024-04-05T17:30:40.244+05:30  INFO 21404 --- [restartedMain] .s.d.r.c.RepositoryConfigurationDelegate : Bootstrapping Spring Data JPA repositories in DEFAULT mode.
2024-04-05T17:30:40.311+05:30  INFO 21404 --- [restartedMain] .s.d.r.c.RepositoryConfigurationDelegate : Finished Spring Data repository scanning in 57 ms. Found 1 JPA repository interfaces.
2024-04-05T17:30:40.807+05:30  INFO 21404 --- [restartedMain] o.s.b.w.embedded.tomcat.TomcatWebServer  : Tomcat initialized with port(s): 9070 (http)
2024-04-05T17:30:40.815+05:30  INFO 21404 --- [restartedMain] o.apache.catalina.core.StandardService   : Starting service [Tomcat]
2024-04-05T17:30:40.815+05:30  INFO 21404 --- [restartedMain] o.apache.catalina.core.StandardEngine    : Starting Servlet engine: [Apache Tomcat/10.1.5]
2024-04-05T17:30:40.864+05:30  INFO 21404 --- [restartedMain] o.a.c.c.C.[Tomcat].[localhost].[/]       : Initializing Spring embedded WebApplicationContext
2024-04-05T17:30:40.865+05:30  INFO 21404 --- [restartedMain] w.s.c.ServletWebServerApplicationContext : Root WebApplicationContext: initialization completed in 1351 ms
2024-04-05T17:30:40.911+05:30  WARN 21404 --- [restartedMain] ConfigServletWebServerApplicationContext : Exception encountered during context initialization - cancelling refresh attempt: org.springframework.beans.factory.UnsatisfiedDependencyException: Error creating bean with name 'dataSourceScriptDatabaseInitializer' defined in class path resource [org/springframework/boot/autoconfigure/sql/init/DataSourceInitializationConfiguration.class]: Unsatisfied dependency expressed through method 'dataSourceScriptDatabaseInitializer' parameter 0: Error creating bean with name 'dataSource' defined in class path resource [org/springframework/boot/autoconfigure/jdbc/DataSourceConfiguration$Hikari.class]: Failed to instantiate [com.zaxxer.hikari.HikariDataSource]: Factory method 'dataSource' threw exception with message: Failed to determine a suitable driver class
2024-04-05T17:30:40.915+05:30  INFO 21404 --- [restartedMain] o.apache.catalina.core.StandardService   : Stopping service [Tomcat]
2024-04-05T17:30:40.929+05:30  INFO 21404 --- [restartedMain] .s.b.a.l.ConditionEvaluationReportLogger : 

Error starting ApplicationContext. To display the condition evaluation report re-run your application with 'debug' enabled.
2024-04-05T17:30:40.943+05:30 ERROR 21404 --- [restartedMain] o.s.b.d.LoggingFailureAnalysisReporter   : 

***************************
APPLICATION FAILED TO START
***************************

Description:

Failed to configure a DataSource: 'url' attribute is not specified and no embedded datasource could be configured.

Reason: Failed to determine a suitable driver class


Action:

Consider the following:
	If you want an embedded database (H2, HSQL or Derby), please put it on the classpath.
	If you have database settings to be loaded from a particular profile you may need to activate it (no profiles are currently active).

2024-04-05T17:31:28.752+05:30  INFO 1584 --- [restartedMain] SpringbootThymeleafCrudWebAppApplication : Starting SpringbootThymeleafCrudWebAppApplication using Java 17.0.10 with PID 1584 (C:\Users\Assetmine\Downloads\springboot-thymeleaf-crud-pagination-sorting-webapp-master\target\classes started by Assetmine in C:\Users\Assetmine\Downloads\springboot-thymeleaf-crud-pagination-sorting-webapp-master)
2024-04-05T17:31:28.754+05:30  INFO 1584 --- [restartedMain] SpringbootThymeleafCrudWebAppApplication : No active profile set, falling back to 1 default profile: "default"
2024-04-05T17:31:28.799+05:30  INFO 1584 --- [restartedMain] .e.DevToolsPropertyDefaultsPostProcessor : Devtools property defaults active! Set 'spring.devtools.add-properties' to 'false' to disable
2024-04-05T17:31:28.799+05:30  INFO 1584 --- [restartedMain] .e.DevToolsPropertyDefaultsPostProcessor : For additional web related logging consider setting the 'logging.level.web' property to 'DEBUG'
2024-04-05T17:31:29.368+05:30  INFO 1584 --- [restartedMain] .s.d.r.c.RepositoryConfigurationDelegate : Bootstrapping Spring Data JPA repositories in DEFAULT mode.
2024-04-05T17:31:29.448+05:30  INFO 1584 --- [restartedMain] .s.d.r.c.RepositoryConfigurationDelegate : Finished Spring Data repository scanning in 70 ms. Found 1 JPA repository interfaces.
2024-04-05T17:31:29.874+05:30  INFO 1584 --- [restartedMain] o.s.b.w.embedded.tomcat.TomcatWebServer  : Tomcat initialized with port(s): 9070 (http)
2024-04-05T17:31:29.882+05:30  INFO 1584 --- [restartedMain] o.apache.catalina.core.StandardService   : Starting service [Tomcat]
2024-04-05T17:31:29.883+05:30  INFO 1584 --- [restartedMain] o.apache.catalina.core.StandardEngine    : Starting Servlet engine: [Apache Tomcat/10.1.5]
2024-04-05T17:31:29.924+05:30  INFO 1584 --- [restartedMain] o.a.c.c.C.[Tomcat].[localhost].[/]       : Initializing Spring embedded WebApplicationContext
2024-04-05T17:31:29.925+05:30  INFO 1584 --- [restartedMain] w.s.c.ServletWebServerApplicationContext : Root WebApplicationContext: initialization completed in 1124 ms
2024-04-05T17:31:29.967+05:30  WARN 1584 --- [restartedMain] ConfigServletWebServerApplicationContext : Exception encountered during context initialization - cancelling refresh attempt: org.springframework.beans.factory.UnsatisfiedDependencyException: Error creating bean with name 'dataSourceScriptDatabaseInitializer' defined in class path resource [org/springframework/boot/autoconfigure/sql/init/DataSourceInitializationConfiguration.class]: Unsatisfied dependency expressed through method 'dataSourceScriptDatabaseInitializer' parameter 0: Error creating bean with name 'dataSource' defined in class path resource [org/springframework/boot/autoconfigure/jdbc/DataSourceConfiguration$Hikari.class]: Failed to instantiate [com.zaxxer.hikari.HikariDataSource]: Factory method 'dataSource' threw exception with message: Failed to determine a suitable driver class
2024-04-05T17:31:29.969+05:30  INFO 1584 --- [restartedMain] o.apache.catalina.core.StandardService   : Stopping service [Tomcat]
2024-04-05T17:31:29.980+05:30  INFO 1584 --- [restartedMain] .s.b.a.l.ConditionEvaluationReportLogger : 

Error starting ApplicationContext. To display the condition evaluation report re-run your application with 'debug' enabled.
2024-04-05T17:31:29.996+05:30 ERROR 1584 --- [restartedMain] o.s.b.d.LoggingFailureAnalysisReporter   : 

***************************
APPLICATION FAILED TO START
***************************

Description:

Failed to configure a DataSource: 'url' attribute is not specified and no embedded datasource could be configured.

Reason: Failed to determine a suitable driver class


Action:

Consider the following:
	If you want an embedded database (H2, HSQL or Derby), please put it on the classpath.
	If you have database settings to be loaded from a particular profile you may need to activate it (no profiles are currently active).

